[00:34:26] [Server thread/INFO]: Starting integrated minecraft server version 1.8
[00:34:26] [Server thread/INFO]: Generating keypair
[00:34:26] [Server thread/INFO]: Preparing start region for level 0
[00:34:27] [Server thread/INFO]: Changing view distance to 20, from 10
[00:34:27] [Server thread/INFO]: raxenoth[local:E:a5cc8f65] logged in with entity id 3471927 at (1344.8983596902801, 75.82601973726675, 80.43386522834415)
[00:34:27] [Server thread/INFO]: raxenoth joined the game
[00:44:19] [Client thread/ERROR]: Item entity 3672244 has no item?!
[00:55:13] [Server thread/INFO]: Saving and pausing game...
[00:55:13] [Server thread/INFO]: Saving chunks for level 'solo'/Overworld
[00:55:13] [Server thread/INFO]: Saving chunks for level 'solo'/Nether
[00:55:13] [Server thread/INFO]: Saving chunks for level 'solo'/The End
[01:08:34] [Server thread/INFO]: Saving and pausing game...
[01:08:34] [Server thread/INFO]: Saving chunks for level 'solo'/Overworld
[01:08:34] [Server thread/INFO]: Saving chunks for level 'solo'/Nether
[01:08:34] [Server thread/INFO]: Saving chunks for level 'solo'/The End
[01:08:37] [Server thread/INFO]: Saving and pausing game...
[01:08:37] [Server thread/INFO]: Saving chunks for level 'solo'/Overworld
[01:08:37] [Server thread/INFO]: Saving chunks for level 'solo'/Nether
[01:08:37] [Server thread/INFO]: Saving chunks for level 'solo'/The End
[01:08:39] [Client thread/INFO]: [CHAT] Command set: /time set 0
[01:08:40] [Server thread/INFO]: Saving and pausing game...
[01:08:40] [Server thread/INFO]: Saving chunks for level 'solo'/Overworld
[01:08:41] [Server thread/INFO]: Saving chunks for level 'solo'/Nether
[01:08:41] [Server thread/INFO]: Saving chunks for level 'solo'/The End
[01:08:42] [Client thread/INFO]: [CHAT] Command set: /weather clear
[01:10:17] [Server thread/INFO]: [@: Changing to clear weather]
[01:10:17] [Client thread/INFO]: [CHAT] [@: Changing to clear weather]
[01:10:31] [Server thread/INFO]: [@: Set the time to 0]
[01:10:31] [Client thread/INFO]: [CHAT] [@: Set the time to 0]
[01:20:23] [pool-2-thread-3/ERROR]: Signature is missing from textures payload
[01:20:24] [Server thread/WARN]: Can't keep up! Did the system time change, or is the server overloaded? Running 2226ms behind, skipping 44 tick(s)
[01:35:03] [Server thread/WARN]: Can't keep up! Did the system time change, or is the server overloaded? Running 2203ms behind, skipping 44 tick(s)
[01:36:40] [Server thread/INFO]: Saving and pausing game...
[01:36:40] [Server thread/INFO]: Saving chunks for level 'solo'/Overworld
[01:36:40] [Server thread/INFO]: Saving chunks for level 'solo'/Nether
[01:36:40] [Server thread/INFO]: Saving chunks for level 'solo'/The End
[01:36:43] [Server thread/INFO]: Stopping server
[01:36:43] [Server thread/INFO]: Saving players
[01:36:43] [Server thread/INFO]: Saving worlds
[01:36:43] [Server thread/INFO]: Saving chunks for level 'solo'/Overworld
[01:36:43] [Server thread/INFO]: Saving chunks for level 'solo'/Nether
[01:36:43] [Server thread/INFO]: Saving chunks for level 'solo'/The End
[15:39:05] [Client thread/INFO]: Stopping!
[15:39:05] [Client thread/INFO]: SoundSystem shutting down...
[15:39:06] [Client thread/WARN]: Author: Paul Lamb, www.paulscode.com
